SF:lib/main.dart
DA:9,0
DA:10,0
DA:18,2
DA:20,0
DA:21,0
DA:24,1
DA:25,1
DA:31,0
DA:32,0
DA:35,0
DA:36,0
DA:39,1
DA:41,1
DA:42,1
DA:43,2
DA:44,1
DA:46,3
DA:50,1
DA:53,1
DA:54,1
DA:59,2
LF:21
LH:13
end_of_record
SF:lib/src/model/app_state_model.dart
DA:7,0
DA:8,0
DA:9,0
DA:10,0
DA:14,0
DA:15,0
DA:16,0
DA:18,0
DA:20,0
LF:9
LH:0
end_of_record
SF:lib/src/presentation/scope/app_state_scope.dart
DA:6,1
DA:12,1
DA:14,1
DA:15,1
LF:4
LH:4
end_of_record
SF:lib/src/presentation/audio/audio_controller.dart
DA:11,1
DA:15,1
DA:16,1
DA:19,0
DA:20,0
DA:35,0
DA:37,0
DA:39,0
DA:40,0
DA:41,0
DA:42,0
DA:45,0
DA:46,0
DA:47,0
DA:50,0
DA:51,0
DA:54,0
DA:55,0
DA:56,0
DA:57,0
DA:60,0
DA:62,0
DA:63,0
DA:64,0
DA:67,0
DA:68,0
DA:69,0
DA:70,0
DA:71,0
DA:72,0
DA:75,0
DA:76,0
DA:77,0
DA:79,0
DA:80,0
DA:81,0
DA:83,0
DA:87,0
DA:88,0
DA:90,0
DA:93,0
DA:94,0
DA:95,0
DA:98,0
DA:100,0
DA:101,0
DA:102,0
DA:106,0
DA:107,0
DA:108,0
DA:109,0
DA:110,0
DA:114,0
DA:115,0
DA:116,0
DA:118,0
DA:119,0
DA:120,0
DA:122,0
DA:123,0
DA:126,0
DA:127,0
DA:128,0
DA:130,0
DA:131,0
DA:132,0
DA:137,0
DA:138,0
DA:139,0
DA:140,0
DA:141,0
DA:142,0
DA:147,0
DA:149,0
LF:74
LH:3
end_of_record
SF:lib/src/presentation/home/home.dart
DA:8,1
DA:10,1
DA:11,1
DA:20,1
DA:22,1
DA:23,2
DA:24,2
DA:27,0
DA:29,0
DA:30,0
DA:31,0
DA:35,1
DA:37,1
DA:39,1
DA:41,1
DA:42,1
DA:44,1
DA:45,1
DA:46,1
DA:47,1
DA:48,1
DA:50,1
DA:51,1
DA:53,1
DA:54,1
DA:58,1
DA:59,1
DA:60,1
DA:61,1
DA:68,0
DA:69,0
DA:70,0
DA:71,0
DA:75,0
DA:76,0
DA:77,0
LF:36
LH:25
end_of_record
SF:lib/src/presentation/audio/background_music.dart
DA:14,1
DA:16,0
LF:2
LH:1
end_of_record
SF:lib/src/presentation/home/animated_play_button.dart
DA:6,1
DA:8,0
DA:9,0
DA:16,0
DA:18,0
DA:19,0
DA:25,0
DA:27,0
DA:28,0
DA:31,0
DA:33,0
DA:34,0
DA:35,0
DA:36,0
DA:37,0
DA:38,0
DA:39,0
DA:41,0
DA:42,0
LF:19
LH:1
end_of_record
SF:lib/src/presentation/home/home_app_bar.dart
DA:11,1
DA:15,1
DA:17,0
DA:18,0
DA:19,0
DA:20,1
DA:24,0
DA:25,0
DA:26,0
DA:30,0
DA:32,0
DA:33,0
DA:34,0
DA:35,0
DA:37,0
DA:38,0
DA:45,0
DA:46,0
DA:47,0
DA:52,0
DA:53,0
DA:56,0
DA:58,0
DA:62,0
DA:63,0
DA:65,0
DA:66,0
DA:68,0
DA:77,1
LF:29
LH:4
end_of_record
SF:lib/src/presentation/home/page_indicator.dart
DA:4,1
DA:15,1
DA:17,2
DA:19,1
DA:21,1
DA:23,1
DA:24,1
DA:27,0
DA:28,0
DA:31,0
DA:38,1
DA:40,1
DA:41,1
DA:42,1
DA:43,1
DA:46,1
DA:49,0
DA:50,0
DA:53,0
LF:19
LH:13
end_of_record
